ARM GAS  C:\Users\mame\AppData\Local\Temp\ccBOAAaa.s 			page 1


   1              		.syntax unified
   2              		.cpu cortex-m3
   3              		.fpu softvfp
   4              		.eabi_attribute 20, 1
   5              		.eabi_attribute 21, 1
   6              		.eabi_attribute 23, 3
   7              		.eabi_attribute 24, 1
   8              		.eabi_attribute 25, 1
   9              		.eabi_attribute 26, 1
  10              		.eabi_attribute 30, 6
  11              		.eabi_attribute 34, 1
  12              		.eabi_attribute 18, 4
  13              		.thumb
  14              		.syntax unified
  15              		.file	"cymetadata.c"
  16              		.text
  17              	.Ltext0:
  18              		.cfi_sections	.debug_frame
  19              		.global	cy_meta_configecc
  20              		.section	.cyconfigecc,"a",%progbits
  21              		.align	2
  22              		.type	cy_meta_configecc, %object
  23              		.size	cy_meta_configecc, 1360
  24              	cy_meta_configecc:
  25 0000 03       		.byte	3
  26 0001 52       		.byte	82
  27 0002 00       		.byte	0
  28 0003 40       		.byte	64
  29 0004 03       		.byte	3
  30 0005 64       		.byte	100
  31 0006 00       		.byte	0
  32 0007 40       		.byte	64
  33 0008 01       		.byte	1
  34 0009 03       		.byte	3
  35 000a 01       		.byte	1
  36 000b 40       		.byte	64
  37 000c 61       		.byte	97
  38 000d 08       		.byte	8
  39 000e 01       		.byte	1
  40 000f 40       		.byte	64
  41 0010 3E       		.byte	62
  42 0011 09       		.byte	9
  43 0012 01       		.byte	1
  44 0013 40       		.byte	64
  45 0014 58       		.byte	88
  46 0015 0A       		.byte	10
  47 0016 01       		.byte	1
  48 0017 40       		.byte	64
  49 0018 56       		.byte	86
  50 0019 0B       		.byte	11
  51 001a 01       		.byte	1
  52 001b 40       		.byte	64
  53 001c 3A       		.byte	58
  54 001d 0C       		.byte	12
  55 001e 01       		.byte	1
  56 001f 40       		.byte	64
  57 0020 43       		.byte	67
ARM GAS  C:\Users\mame\AppData\Local\Temp\ccBOAAaa.s 			page 2


  58 0021 0D       		.byte	13
  59 0022 01       		.byte	1
  60 0023 40       		.byte	64
  61 0024 56       		.byte	86
  62 0025 0E       		.byte	14
  63 0026 01       		.byte	1
  64 0027 40       		.byte	64
  65 0028 35       		.byte	53
  66 0029 0F       		.byte	15
  67 002a 01       		.byte	1
  68 002b 40       		.byte	64
  69 002c 02       		.byte	2
  70 002d 19       		.byte	25
  71 002e 01       		.byte	1
  72 002f 40       		.byte	64
  73 0030 02       		.byte	2
  74 0031 40       		.byte	64
  75 0032 01       		.byte	1
  76 0033 40       		.byte	64
  77 0034 02       		.byte	2
  78 0035 41       		.byte	65
  79 0036 01       		.byte	1
  80 0037 40       		.byte	64
  81 0038 09       		.byte	9
  82 0039 45       		.byte	69
  83 003a 01       		.byte	1
  84 003b 40       		.byte	64
  85 003c 04       		.byte	4
  86 003d 46       		.byte	70
  87 003e 01       		.byte	1
  88 003f 40       		.byte	64
  89 0040 05       		.byte	5
  90 0041 50       		.byte	80
  91 0042 01       		.byte	1
  92 0043 40       		.byte	64
  93 0044 01       		.byte	1
  94 0045 51       		.byte	81
  95 0046 01       		.byte	1
  96 0047 40       		.byte	64
  97 0048 10       		.byte	16
  98 0049 0C       		.byte	12
  99 004a 11       		.byte	17
 100 004b 04       		.byte	4
 101 004c 14       		.byte	20
 102 004d 0C       		.byte	12
 103 004e 29       		.byte	41
 104 004f 0F       		.byte	15
 105 0050 2A       		.byte	42
 106 0051 04       		.byte	4
 107 0052 39       		.byte	57
 108 0053 08       		.byte	8
 109 0054 EA       		.byte	-22
 110 0055 02       		.byte	2
 111 0056 02       		.byte	2
 112 0057 19       		.byte	25
 113 0058 04       		.byte	4
 114 0059 08       		.byte	8
ARM GAS  C:\Users\mame\AppData\Local\Temp\ccBOAAaa.s 			page 3


 115 005a 05       		.byte	5
 116 005b 33       		.byte	51
 117 005c 06       		.byte	6
 118 005d 13       		.byte	19
 119 005e 07       		.byte	7
 120 005f 0C       		.byte	12
 121 0060 09       		.byte	9
 122 0061 0E       		.byte	14
 123 0062 0A       		.byte	10
 124 0063 1D       		.byte	29
 125 0064 0B       		.byte	11
 126 0065 30       		.byte	48
 127 0066 0C       		.byte	12
 128 0067 08       		.byte	8
 129 0068 0D       		.byte	13
 130 0069 80       		.byte	-128
 131 006a 0E       		.byte	14
 132 006b 20       		.byte	32
 133 006c 0F       		.byte	15
 134 006d 56       		.byte	86
 135 006e 10       		.byte	16
 136 006f 08       		.byte	8
 137 0070 11       		.byte	17
 138 0071 FF       		.byte	-1
 139 0072 12       		.byte	18
 140 0073 30       		.byte	48
 141 0074 15       		.byte	21
 142 0075 46       		.byte	70
 143 0076 16       		.byte	22
 144 0077 19       		.byte	25
 145 0078 17       		.byte	23
 146 0079 A9       		.byte	-87
 147 007a 1C       		.byte	28
 148 007b 11       		.byte	17
 149 007c 1E       		.byte	30
 150 007d 08       		.byte	8
 151 007e 21       		.byte	33
 152 007f 40       		.byte	64
 153 0080 23       		.byte	35
 154 0081 13       		.byte	19
 155 0082 27       		.byte	39
 156 0083 01       		.byte	1
 157 0084 29       		.byte	41
 158 0085 2A       		.byte	42
 159 0086 2B       		.byte	43
 160 0087 54       		.byte	84
 161 0088 30       		.byte	48
 162 0089 38       		.byte	56
 163 008a 32       		.byte	50
 164 008b 04       		.byte	4
 165 008c 33       		.byte	51
 166 008d FF       		.byte	-1
 167 008e 34       		.byte	52
 168 008f 01       		.byte	1
 169 0090 36       		.byte	54
 170 0091 02       		.byte	2
 171 0092 3A       		.byte	58
ARM GAS  C:\Users\mame\AppData\Local\Temp\ccBOAAaa.s 			page 4


 172 0093 02       		.byte	2
 173 0094 3E       		.byte	62
 174 0095 10       		.byte	16
 175 0096 58       		.byte	88
 176 0097 04       		.byte	4
 177 0098 59       		.byte	89
 178 0099 04       		.byte	4
 179 009a 5F       		.byte	95
 180 009b 01       		.byte	1
 181 009c 82       		.byte	-126
 182 009d 04       		.byte	4
 183 009e 84       		.byte	-124
 184 009f 10       		.byte	16
 185 00a0 85       		.byte	-123
 186 00a1 50       		.byte	80
 187 00a2 86       		.byte	-122
 188 00a3 21       		.byte	33
 189 00a4 87       		.byte	-121
 190 00a5 02       		.byte	2
 191 00a6 8B       		.byte	-117
 192 00a7 40       		.byte	64
 193 00a8 8C       		.byte	-116
 194 00a9 40       		.byte	64
 195 00aa 8D       		.byte	-115
 196 00ab 04       		.byte	4
 197 00ac 8E       		.byte	-114
 198 00ad 02       		.byte	2
 199 00ae 8F       		.byte	-113
 200 00af 08       		.byte	8
 201 00b0 91       		.byte	-111
 202 00b1 3F       		.byte	63
 203 00b2 92       		.byte	-110
 204 00b3 01       		.byte	1
 205 00b4 94       		.byte	-108
 206 00b5 48       		.byte	72
 207 00b6 95       		.byte	-107
 208 00b7 40       		.byte	64
 209 00b8 97       		.byte	-105
 210 00b9 18       		.byte	24
 211 00ba 9B       		.byte	-101
 212 00bb 20       		.byte	32
 213 00bc 9D       		.byte	-99
 214 00bd 40       		.byte	64
 215 00be 9E       		.byte	-98
 216 00bf 03       		.byte	3
 217 00c0 9F       		.byte	-97
 218 00c1 14       		.byte	20
 219 00c2 A0       		.byte	-96
 220 00c3 48       		.byte	72
 221 00c4 A1       		.byte	-95
 222 00c5 0F       		.byte	15
 223 00c6 A5       		.byte	-91
 224 00c7 80       		.byte	-128
 225 00c8 A8       		.byte	-88
 226 00c9 10       		.byte	16
 227 00ca A9       		.byte	-87
 228 00cb 40       		.byte	64
ARM GAS  C:\Users\mame\AppData\Local\Temp\ccBOAAaa.s 			page 5


 229 00cc AA       		.byte	-86
 230 00cd 21       		.byte	33
 231 00ce AB       		.byte	-85
 232 00cf 08       		.byte	8
 233 00d0 AD       		.byte	-83
 234 00d1 50       		.byte	80
 235 00d2 AF       		.byte	-81
 236 00d3 01       		.byte	1
 237 00d4 B0       		.byte	-80
 238 00d5 40       		.byte	64
 239 00d6 B1       		.byte	-79
 240 00d7 3F       		.byte	63
 241 00d8 B2       		.byte	-78
 242 00d9 08       		.byte	8
 243 00da B4       		.byte	-76
 244 00db 38       		.byte	56
 245 00dc B5       		.byte	-75
 246 00dd C0       		.byte	-64
 247 00de B6       		.byte	-74
 248 00df 07       		.byte	7
 249 00e0 B8       		.byte	-72
 250 00e1 2A       		.byte	42
 251 00e2 B9       		.byte	-71
 252 00e3 22       		.byte	34
 253 00e4 BA       		.byte	-70
 254 00e5 80       		.byte	-128
 255 00e6 BE       		.byte	-66
 256 00e7 14       		.byte	20
 257 00e8 BF       		.byte	-65
 258 00e9 10       		.byte	16
 259 00ea C0       		.byte	-64
 260 00eb 32       		.byte	50
 261 00ec C5       		.byte	-59
 262 00ed 20       		.byte	32
 263 00ee C7       		.byte	-57
 264 00ef 50       		.byte	80
 265 00f0 C8       		.byte	-56
 266 00f1 22       		.byte	34
 267 00f2 C9       		.byte	-55
 268 00f3 FF       		.byte	-1
 269 00f4 CA       		.byte	-54
 270 00f5 FF       		.byte	-1
 271 00f6 CB       		.byte	-53
 272 00f7 FF       		.byte	-1
 273 00f8 CC       		.byte	-52
 274 00f9 42       		.byte	66
 275 00fa CD       		.byte	-51
 276 00fb A0       		.byte	-96
 277 00fc CE       		.byte	-50
 278 00fd 70       		.byte	112
 279 00fe D0       		.byte	-48
 280 00ff 08       		.byte	8
 281 0100 D1       		.byte	-47
 282 0101 10       		.byte	16
 283 0102 D8       		.byte	-40
 284 0103 04       		.byte	4
 285 0104 D9       		.byte	-39
ARM GAS  C:\Users\mame\AppData\Local\Temp\ccBOAAaa.s 			page 6


 286 0105 04       		.byte	4
 287 0106 DA       		.byte	-38
 288 0107 04       		.byte	4
 289 0108 DF       		.byte	-33
 290 0109 01       		.byte	1
 291 010a E1       		.byte	-31
 292 010b 48       		.byte	72
 293 010c E2       		.byte	-30
 294 010d 40       		.byte	64
 295 010e E3       		.byte	-29
 296 010f 48       		.byte	72
 297 0110 E4       		.byte	-28
 298 0111 80       		.byte	-128
 299 0112 E5       		.byte	-27
 300 0113 48       		.byte	72
 301 0114 E6       		.byte	-26
 302 0115 80       		.byte	-128
 303 0116 E7       		.byte	-25
 304 0117 48       		.byte	72
 305 0118 00       		.byte	0
 306 0119 0A       		.byte	10
 307 011a 01       		.byte	1
 308 011b 04       		.byte	4
 309 011c 02       		.byte	2
 310 011d 02       		.byte	2
 311 011e 03       		.byte	3
 312 011f 01       		.byte	1
 313 0120 04       		.byte	4
 314 0121 20       		.byte	32
 315 0122 05       		.byte	5
 316 0123 01       		.byte	1
 317 0124 07       		.byte	7
 318 0125 21       		.byte	33
 319 0126 0A       		.byte	10
 320 0127 61       		.byte	97
 321 0128 0D       		.byte	13
 322 0129 02       		.byte	2
 323 012a 0E       		.byte	14
 324 012b 22       		.byte	34
 325 012c 10       		.byte	16
 326 012d 80       		.byte	-128
 327 012e 13       		.byte	19
 328 012f 10       		.byte	16
 329 0130 18       		.byte	24
 330 0131 80       		.byte	-128
 331 0132 1A       		.byte	26
 332 0133 45       		.byte	69
 333 0134 1B       		.byte	27
 334 0135 88       		.byte	-120
 335 0136 1C       		.byte	28
 336 0137 04       		.byte	4
 337 0138 1D       		.byte	29
 338 0139 02       		.byte	2
 339 013a 1E       		.byte	30
 340 013b 22       		.byte	34
 341 013c 21       		.byte	33
 342 013d 11       		.byte	17
ARM GAS  C:\Users\mame\AppData\Local\Temp\ccBOAAaa.s 			page 7


 343 013e 25       		.byte	37
 344 013f 08       		.byte	8
 345 0140 26       		.byte	38
 346 0141 08       		.byte	8
 347 0142 29       		.byte	41
 348 0143 20       		.byte	32
 349 0144 2A       		.byte	42
 350 0145 41       		.byte	65
 351 0146 2B       		.byte	43
 352 0147 10       		.byte	16
 353 0148 2D       		.byte	45
 354 0149 20       		.byte	32
 355 014a 2F       		.byte	47
 356 014b 90       		.byte	-112
 357 014c 31       		.byte	49
 358 014d 08       		.byte	8
 359 014e 32       		.byte	50
 360 014f 12       		.byte	18
 361 0150 33       		.byte	51
 362 0151 80       		.byte	-128
 363 0152 36       		.byte	54
 364 0153 0A       		.byte	10
 365 0154 38       		.byte	56
 366 0155 80       		.byte	-128
 367 0156 39       		.byte	57
 368 0157 14       		.byte	20
 369 0158 3B       		.byte	59
 370 0159 20       		.byte	32
 371 015a 3C       		.byte	60
 372 015b 08       		.byte	8
 373 015c 3E       		.byte	62
 374 015d 40       		.byte	64
 375 015e 3F       		.byte	63
 376 015f 10       		.byte	16
 377 0160 41       		.byte	65
 378 0161 10       		.byte	16
 379 0162 43       		.byte	67
 380 0163 08       		.byte	8
 381 0164 48       		.byte	72
 382 0165 80       		.byte	-128
 383 0166 52       		.byte	82
 384 0167 01       		.byte	1
 385 0168 90       		.byte	-112
 386 0169 20       		.byte	32
 387 016a 91       		.byte	-111
 388 016b 10       		.byte	16
 389 016c 92       		.byte	-110
 390 016d 20       		.byte	32
 391 016e 93       		.byte	-109
 392 016f 10       		.byte	16
 393 0170 94       		.byte	-108
 394 0171 84       		.byte	-124
 395 0172 95       		.byte	-107
 396 0173 02       		.byte	2
 397 0174 96       		.byte	-106
 398 0175 04       		.byte	4
 399 0176 99       		.byte	-103
ARM GAS  C:\Users\mame\AppData\Local\Temp\ccBOAAaa.s 			page 8


 400 0177 21       		.byte	33
 401 0178 9B       		.byte	-101
 402 0179 20       		.byte	32
 403 017a A0       		.byte	-96
 404 017b 05       		.byte	5
 405 017c A2       		.byte	-94
 406 017d 02       		.byte	2
 407 017e A3       		.byte	-93
 408 017f 10       		.byte	16
 409 0180 A5       		.byte	-91
 410 0181 08       		.byte	8
 411 0182 A7       		.byte	-89
 412 0183 80       		.byte	-128
 413 0184 B6       		.byte	-74
 414 0185 84       		.byte	-124
 415 0186 C0       		.byte	-64
 416 0187 FD       		.byte	-3
 417 0188 C2       		.byte	-62
 418 0189 BD       		.byte	-67
 419 018a C4       		.byte	-60
 420 018b 0A       		.byte	10
 421 018c CA       		.byte	-54
 422 018d EF       		.byte	-17
 423 018e CC       		.byte	-52
 424 018f CF       		.byte	-49
 425 0190 CE       		.byte	-50
 426 0191 7E       		.byte	126
 427 0192 D0       		.byte	-48
 428 0193 06       		.byte	6
 429 0194 00       		.byte	0
 430 0195 08       		.byte	8
 431 0196 01       		.byte	1
 432 0197 3D       		.byte	61
 433 0198 02       		.byte	2
 434 0199 10       		.byte	16
 435 019a 03       		.byte	3
 436 019b C2       		.byte	-62
 437 019c 04       		.byte	4
 438 019d 28       		.byte	40
 439 019e 05       		.byte	5
 440 019f 01       		.byte	1
 441 01a0 06       		.byte	6
 442 01a1 03       		.byte	3
 443 01a2 08       		.byte	8
 444 01a3 08       		.byte	8
 445 01a4 09       		.byte	9
 446 01a5 01       		.byte	1
 447 01a6 0A       		.byte	10
 448 01a7 70       		.byte	112
 449 01a8 0C       		.byte	12
 450 01a9 09       		.byte	9
 451 01aa 0E       		.byte	14
 452 01ab 44       		.byte	68
 453 01ac 0F       		.byte	15
 454 01ad FF       		.byte	-1
 455 01ae 11       		.byte	17
 456 01af E2       		.byte	-30
ARM GAS  C:\Users\mame\AppData\Local\Temp\ccBOAAaa.s 			page 9


 457 01b0 12       		.byte	18
 458 01b1 03       		.byte	3
 459 01b2 14       		.byte	20
 460 01b3 28       		.byte	40
 461 01b4 15       		.byte	21
 462 01b5 92       		.byte	-110
 463 01b6 16       		.byte	22
 464 01b7 03       		.byte	3
 465 01b8 17       		.byte	23
 466 01b9 60       		.byte	96
 467 01ba 18       		.byte	24
 468 01bb 20       		.byte	32
 469 01bc 19       		.byte	25
 470 01bd 0D       		.byte	13
 471 01be 1A       		.byte	26
 472 01bf 0B       		.byte	11
 473 01c0 1C       		.byte	28
 474 01c1 01       		.byte	1
 475 01c2 1E       		.byte	30
 476 01c3 06       		.byte	6
 477 01c4 1F       		.byte	31
 478 01c5 08       		.byte	8
 479 01c6 20       		.byte	32
 480 01c7 2B       		.byte	43
 481 01c8 21       		.byte	33
 482 01c9 40       		.byte	64
 483 01ca 23       		.byte	35
 484 01cb 1D       		.byte	29
 485 01cc 24       		.byte	36
 486 01cd 02       		.byte	2
 487 01ce 25       		.byte	37
 488 01cf 5D       		.byte	93
 489 01d0 26       		.byte	38
 490 01d1 01       		.byte	1
 491 01d2 27       		.byte	39
 492 01d3 A2       		.byte	-94
 493 01d4 29       		.byte	41
 494 01d5 04       		.byte	4
 495 01d6 2B       		.byte	43
 496 01d7 E0       		.byte	-32
 497 01d8 2C       		.byte	44
 498 01d9 23       		.byte	35
 499 01da 2E       		.byte	46
 500 01db 08       		.byte	8
 501 01dc 2F       		.byte	47
 502 01dd 02       		.byte	2
 503 01de 32       		.byte	50
 504 01df 78       		.byte	120
 505 01e0 36       		.byte	54
 506 01e1 07       		.byte	7
 507 01e2 37       		.byte	55
 508 01e3 FF       		.byte	-1
 509 01e4 3A       		.byte	58
 510 01e5 88       		.byte	-120
 511 01e6 3F       		.byte	63
 512 01e7 40       		.byte	64
 513 01e8 40       		.byte	64
ARM GAS  C:\Users\mame\AppData\Local\Temp\ccBOAAaa.s 			page 10


 514 01e9 12       		.byte	18
 515 01ea 44       		.byte	68
 516 01eb 05       		.byte	5
 517 01ec 45       		.byte	69
 518 01ed 0D       		.byte	13
 519 01ee 46       		.byte	70
 520 01ef 0B       		.byte	11
 521 01f0 48       		.byte	72
 522 01f1 05       		.byte	5
 523 01f2 49       		.byte	73
 524 01f3 FF       		.byte	-1
 525 01f4 4A       		.byte	74
 526 01f5 7F       		.byte	127
 527 01f6 4B       		.byte	75
 528 01f7 FF       		.byte	-1
 529 01f8 4C       		.byte	76
 530 01f9 42       		.byte	66
 531 01fa 4D       		.byte	77
 532 01fb A0       		.byte	-96
 533 01fc 4E       		.byte	78
 534 01fd 70       		.byte	112
 535 01fe 50       		.byte	80
 536 01ff 0C       		.byte	12
 537 0200 58       		.byte	88
 538 0201 04       		.byte	4
 539 0202 59       		.byte	89
 540 0203 04       		.byte	4
 541 0204 5A       		.byte	90
 542 0205 04       		.byte	4
 543 0206 5F       		.byte	95
 544 0207 01       		.byte	1
 545 0208 61       		.byte	97
 546 0209 09       		.byte	9
 547 020a 62       		.byte	98
 548 020b 40       		.byte	64
 549 020c 63       		.byte	99
 550 020d 09       		.byte	9
 551 020e 64       		.byte	100
 552 020f 30       		.byte	48
 553 0210 65       		.byte	101
 554 0211 09       		.byte	9
 555 0212 80       		.byte	-128
 556 0213 01       		.byte	1
 557 0214 81       		.byte	-127
 558 0215 02       		.byte	2
 559 0216 86       		.byte	-122
 560 0217 14       		.byte	20
 561 0218 88       		.byte	-120
 562 0219 02       		.byte	2
 563 021a 8A       		.byte	-118
 564 021b 09       		.byte	9
 565 021c 8C       		.byte	-116
 566 021d 10       		.byte	16
 567 021e 8E       		.byte	-114
 568 021f 0B       		.byte	11
 569 0220 90       		.byte	-112
 570 0221 03       		.byte	3
ARM GAS  C:\Users\mame\AppData\Local\Temp\ccBOAAaa.s 			page 11


 571 0222 93       		.byte	-109
 572 0223 01       		.byte	1
 573 0224 94       		.byte	-108
 574 0225 0F       		.byte	15
 575 0226 98       		.byte	-104
 576 0227 03       		.byte	3
 577 0228 9C       		.byte	-100
 578 0229 08       		.byte	8
 579 022a 9E       		.byte	-98
 580 022b 02       		.byte	2
 581 022c 9F       		.byte	-97
 582 022d 02       		.byte	2
 583 022e A0       		.byte	-96
 584 022f 1F       		.byte	31
 585 0230 A4       		.byte	-92
 586 0231 01       		.byte	1
 587 0232 AA       		.byte	-86
 588 0233 01       		.byte	1
 589 0234 AD       		.byte	-83
 590 0235 02       		.byte	2
 591 0236 AE       		.byte	-82
 592 0237 0B       		.byte	11
 593 0238 B3       		.byte	-77
 594 0239 01       		.byte	1
 595 023a B4       		.byte	-76
 596 023b 1F       		.byte	31
 597 023c B7       		.byte	-73
 598 023d 02       		.byte	2
 599 023e D8       		.byte	-40
 600 023f 04       		.byte	4
 601 0240 D9       		.byte	-39
 602 0241 04       		.byte	4
 603 0242 DF       		.byte	-33
 604 0243 01       		.byte	1
 605 0244 00       		.byte	0
 606 0245 08       		.byte	8
 607 0246 02       		.byte	2
 608 0247 02       		.byte	2
 609 0248 03       		.byte	3
 610 0249 48       		.byte	72
 611 024a 04       		.byte	4
 612 024b 80       		.byte	-128
 613 024c 05       		.byte	5
 614 024d 24       		.byte	36
 615 024e 06       		.byte	6
 616 024f 80       		.byte	-128
 617 0250 08       		.byte	8
 618 0251 10       		.byte	16
 619 0252 0A       		.byte	10
 620 0253 01       		.byte	1
 621 0254 0B       		.byte	11
 622 0255 50       		.byte	80
 623 0256 0C       		.byte	12
 624 0257 40       		.byte	64
 625 0258 0E       		.byte	14
 626 0259 80       		.byte	-128
 627 025a 0F       		.byte	15
ARM GAS  C:\Users\mame\AppData\Local\Temp\ccBOAAaa.s 			page 12


 628 025b 14       		.byte	20
 629 025c 10       		.byte	16
 630 025d 61       		.byte	97
 631 025e 14       		.byte	20
 632 025f 81       		.byte	-127
 633 0260 16       		.byte	22
 634 0261 10       		.byte	16
 635 0262 17       		.byte	23
 636 0263 10       		.byte	16
 637 0264 18       		.byte	24
 638 0265 02       		.byte	2
 639 0266 1A       		.byte	26
 640 0267 01       		.byte	1
 641 0268 1B       		.byte	27
 642 0269 08       		.byte	8
 643 026a 1C       		.byte	28
 644 026b 08       		.byte	8
 645 026c 1D       		.byte	29
 646 026d 10       		.byte	16
 647 026e 1F       		.byte	31
 648 026f 20       		.byte	32
 649 0270 20       		.byte	32
 650 0271 02       		.byte	2
 651 0272 24       		.byte	36
 652 0273 20       		.byte	32
 653 0274 26       		.byte	38
 654 0275 C0       		.byte	-64
 655 0276 28       		.byte	40
 656 0277 40       		.byte	64
 657 0278 29       		.byte	41
 658 0279 A4       		.byte	-92
 659 027a 2B       		.byte	43
 660 027b A0       		.byte	-96
 661 027c 2F       		.byte	47
 662 027d 02       		.byte	2
 663 027e 31       		.byte	49
 664 027f 08       		.byte	8
 665 0280 32       		.byte	50
 666 0281 A2       		.byte	-94
 667 0282 35       		.byte	53
 668 0283 01       		.byte	1
 669 0284 36       		.byte	54
 670 0285 80       		.byte	-128
 671 0286 38       		.byte	56
 672 0287 80       		.byte	-128
 673 0288 39       		.byte	57
 674 0289 41       		.byte	65
 675 028a 3A       		.byte	58
 676 028b 14       		.byte	20
 677 028c 3B       		.byte	59
 678 028d 40       		.byte	64
 679 028e 3C       		.byte	60
 680 028f 20       		.byte	32
 681 0290 3D       		.byte	61
 682 0291 10       		.byte	16
 683 0292 3E       		.byte	62
 684 0293 02       		.byte	2
ARM GAS  C:\Users\mame\AppData\Local\Temp\ccBOAAaa.s 			page 13


 685 0294 42       		.byte	66
 686 0295 06       		.byte	6
 687 0296 43       		.byte	67
 688 0297 40       		.byte	64
 689 0298 48       		.byte	72
 690 0299 10       		.byte	16
 691 029a 49       		.byte	73
 692 029b 40       		.byte	64
 693 029c 4A       		.byte	74
 694 029d 20       		.byte	32
 695 029e 4B       		.byte	75
 696 029f 04       		.byte	4
 697 02a0 52       		.byte	82
 698 02a1 40       		.byte	64
 699 02a2 78       		.byte	120
 700 02a3 80       		.byte	-128
 701 02a4 7A       		.byte	122
 702 02a5 03       		.byte	3
 703 02a6 7B       		.byte	123
 704 02a7 02       		.byte	2
 705 02a8 88       		.byte	-120
 706 02a9 01       		.byte	1
 707 02aa 89       		.byte	-119
 708 02ab 09       		.byte	9
 709 02ac 8B       		.byte	-117
 710 02ad 10       		.byte	16
 711 02ae 92       		.byte	-110
 712 02af 20       		.byte	32
 713 02b0 93       		.byte	-109
 714 02b1 10       		.byte	16
 715 02b2 94       		.byte	-108
 716 02b3 A6       		.byte	-90
 717 02b4 95       		.byte	-107
 718 02b5 42       		.byte	66
 719 02b6 98       		.byte	-104
 720 02b7 10       		.byte	16
 721 02b8 99       		.byte	-103
 722 02b9 E1       		.byte	-31
 723 02ba 9A       		.byte	-102
 724 02bb 14       		.byte	20
 725 02bc 9B       		.byte	-101
 726 02bd 70       		.byte	112
 727 02be 9D       		.byte	-99
 728 02bf 10       		.byte	16
 729 02c0 9E       		.byte	-98
 730 02c1 40       		.byte	64
 731 02c2 A0       		.byte	-96
 732 02c3 20       		.byte	32
 733 02c4 A2       		.byte	-94
 734 02c5 01       		.byte	1
 735 02c6 A3       		.byte	-93
 736 02c7 10       		.byte	16
 737 02c8 A4       		.byte	-92
 738 02c9 10       		.byte	16
 739 02ca A5       		.byte	-91
 740 02cb 08       		.byte	8
 741 02cc A6       		.byte	-90
ARM GAS  C:\Users\mame\AppData\Local\Temp\ccBOAAaa.s 			page 14


 742 02cd 80       		.byte	-128
 743 02ce A7       		.byte	-89
 744 02cf 8A       		.byte	-118
 745 02d0 A8       		.byte	-88
 746 02d1 21       		.byte	33
 747 02d2 AC       		.byte	-84
 748 02d3 40       		.byte	64
 749 02d4 AD       		.byte	-83
 750 02d5 01       		.byte	1
 751 02d6 AE       		.byte	-82
 752 02d7 04       		.byte	4
 753 02d8 B0       		.byte	-80
 754 02d9 03       		.byte	3
 755 02da B3       		.byte	-77
 756 02db 08       		.byte	8
 757 02dc B4       		.byte	-76
 758 02dd 20       		.byte	32
 759 02de C0       		.byte	-64
 760 02df FF       		.byte	-1
 761 02e0 C2       		.byte	-62
 762 02e1 FF       		.byte	-1
 763 02e2 C4       		.byte	-60
 764 02e3 FD       		.byte	-3
 765 02e4 CA       		.byte	-54
 766 02e5 1F       		.byte	31
 767 02e6 CC       		.byte	-52
 768 02e7 9F       		.byte	-97
 769 02e8 CE       		.byte	-50
 770 02e9 8F       		.byte	-113
 771 02ea D0       		.byte	-48
 772 02eb 0C       		.byte	12
 773 02ec D2       		.byte	-46
 774 02ed 08       		.byte	8
 775 02ee EC       		.byte	-20
 776 02ef 02       		.byte	2
 777 02f0 03       		.byte	3
 778 02f1 04       		.byte	4
 779 02f2 09       		.byte	9
 780 02f3 02       		.byte	2
 781 02f4 13       		.byte	19
 782 02f5 01       		.byte	1
 783 02f6 19       		.byte	25
 784 02f7 02       		.byte	2
 785 02f8 1D       		.byte	29
 786 02f9 03       		.byte	3
 787 02fa 23       		.byte	35
 788 02fb 02       		.byte	2
 789 02fc 24       		.byte	36
 790 02fd 01       		.byte	1
 791 02fe 2B       		.byte	43
 792 02ff 02       		.byte	2
 793 0300 2D       		.byte	45
 794 0301 03       		.byte	3
 795 0302 33       		.byte	51
 796 0303 04       		.byte	4
 797 0304 36       		.byte	54
 798 0305 01       		.byte	1
ARM GAS  C:\Users\mame\AppData\Local\Temp\ccBOAAaa.s 			page 15


 799 0306 37       		.byte	55
 800 0307 03       		.byte	3
 801 0308 52       		.byte	82
 802 0309 F6       		.byte	-10
 803 030a 58       		.byte	88
 804 030b 04       		.byte	4
 805 030c 59       		.byte	89
 806 030d 04       		.byte	4
 807 030e 5B       		.byte	91
 808 030f 04       		.byte	4
 809 0310 5F       		.byte	95
 810 0311 01       		.byte	1
 811 0312 81       		.byte	-127
 812 0313 22       		.byte	34
 813 0314 87       		.byte	-121
 814 0315 40       		.byte	64
 815 0316 89       		.byte	-119
 816 0317 01       		.byte	1
 817 0318 8C       		.byte	-116
 818 0319 10       		.byte	16
 819 031a 8D       		.byte	-115
 820 031b 04       		.byte	4
 821 031c 90       		.byte	-112
 822 031d 01       		.byte	1
 823 031e 91       		.byte	-111
 824 031f 9C       		.byte	-100
 825 0320 92       		.byte	-110
 826 0321 0A       		.byte	10
 827 0322 93       		.byte	-109
 828 0323 22       		.byte	34
 829 0324 95       		.byte	-107
 830 0325 B2       		.byte	-78
 831 0326 97       		.byte	-105
 832 0327 08       		.byte	8
 833 0328 99       		.byte	-103
 834 0329 98       		.byte	-104
 835 032a 9B       		.byte	-101
 836 032b 06       		.byte	6
 837 032c 9C       		.byte	-100
 838 032d 10       		.byte	16
 839 032e 9D       		.byte	-99
 840 032f 06       		.byte	6
 841 0330 A0       		.byte	-96
 842 0331 01       		.byte	1
 843 0332 A1       		.byte	-95
 844 0333 AA       		.byte	-86
 845 0334 A2       		.byte	-94
 846 0335 02       		.byte	2
 847 0336 A3       		.byte	-93
 848 0337 10       		.byte	16
 849 0338 A5       		.byte	-91
 850 0339 01       		.byte	1
 851 033a A6       		.byte	-90
 852 033b 04       		.byte	4
 853 033c A7       		.byte	-89
 854 033d 1E       		.byte	30
 855 033e A9       		.byte	-87
ARM GAS  C:\Users\mame\AppData\Local\Temp\ccBOAAaa.s 			page 16


 856 033f A2       		.byte	-94
 857 0340 AB       		.byte	-85
 858 0341 18       		.byte	24
 859 0342 AD       		.byte	-83
 860 0343 3F       		.byte	63
 861 0344 B0       		.byte	-80
 862 0345 08       		.byte	8
 863 0346 B2       		.byte	-78
 864 0347 10       		.byte	16
 865 0348 B3       		.byte	-77
 866 0349 60       		.byte	96
 867 034a B4       		.byte	-76
 868 034b 03       		.byte	3
 869 034c B5       		.byte	-75
 870 034d 1F       		.byte	31
 871 034e B6       		.byte	-74
 872 034f 04       		.byte	4
 873 0350 B7       		.byte	-73
 874 0351 80       		.byte	-128
 875 0352 B8       		.byte	-72
 876 0353 08       		.byte	8
 877 0354 B9       		.byte	-71
 878 0355 A0       		.byte	-96
 879 0356 BF       		.byte	-65
 880 0357 40       		.byte	64
 881 0358 D4       		.byte	-44
 882 0359 20       		.byte	32
 883 035a D6       		.byte	-42
 884 035b 04       		.byte	4
 885 035c D8       		.byte	-40
 886 035d 04       		.byte	4
 887 035e D9       		.byte	-39
 888 035f 04       		.byte	4
 889 0360 DB       		.byte	-37
 890 0361 04       		.byte	4
 891 0362 DF       		.byte	-33
 892 0363 01       		.byte	1
 893 0364 01       		.byte	1
 894 0365 40       		.byte	64
 895 0366 08       		.byte	8
 896 0367 01       		.byte	1
 897 0368 0B       		.byte	11
 898 0369 02       		.byte	2
 899 036a 10       		.byte	16
 900 036b 60       		.byte	96
 901 036c 14       		.byte	20
 902 036d 40       		.byte	64
 903 036e 15       		.byte	21
 904 036f 02       		.byte	2
 905 0370 17       		.byte	23
 906 0371 04       		.byte	4
 907 0372 19       		.byte	25
 908 0373 45       		.byte	69
 909 0374 1A       		.byte	26
 910 0375 01       		.byte	1
 911 0376 1B       		.byte	27
 912 0377 10       		.byte	16
ARM GAS  C:\Users\mame\AppData\Local\Temp\ccBOAAaa.s 			page 17


 913 0378 1E       		.byte	30
 914 0379 02       		.byte	2
 915 037a 21       		.byte	33
 916 037b 14       		.byte	20
 917 037c 23       		.byte	35
 918 037d 11       		.byte	17
 919 037e 27       		.byte	39
 920 037f 21       		.byte	33
 921 0380 29       		.byte	41
 922 0381 24       		.byte	36
 923 0382 2B       		.byte	43
 924 0383 82       		.byte	-126
 925 0384 2C       		.byte	44
 926 0385 04       		.byte	4
 927 0386 2F       		.byte	47
 928 0387 83       		.byte	-125
 929 0388 30       		.byte	48
 930 0389 02       		.byte	2
 931 038a 31       		.byte	49
 932 038b 18       		.byte	24
 933 038c 32       		.byte	50
 934 038d 80       		.byte	-128
 935 038e 35       		.byte	53
 936 038f 10       		.byte	16
 937 0390 37       		.byte	55
 938 0391 41       		.byte	65
 939 0392 38       		.byte	56
 940 0393 08       		.byte	8
 941 0394 39       		.byte	57
 942 0395 20       		.byte	32
 943 0396 3A       		.byte	58
 944 0397 42       		.byte	66
 945 0398 3E       		.byte	62
 946 0399 01       		.byte	1
 947 039a 3F       		.byte	63
 948 039b 10       		.byte	16
 949 039c 44       		.byte	68
 950 039d 80       		.byte	-128
 951 039e 47       		.byte	71
 952 039f 01       		.byte	1
 953 03a0 58       		.byte	88
 954 03a1 A2       		.byte	-94
 955 03a2 5A       		.byte	90
 956 03a3 04       		.byte	4
 957 03a4 60       		.byte	96
 958 03a5 04       		.byte	4
 959 03a6 62       		.byte	98
 960 03a7 02       		.byte	2
 961 03a8 63       		.byte	99
 962 03a9 01       		.byte	1
 963 03aa 6D       		.byte	109
 964 03ab 08       		.byte	8
 965 03ac 6F       		.byte	111
 966 03ad 14       		.byte	20
 967 03ae 75       		.byte	117
 968 03af 80       		.byte	-128
 969 03b0 76       		.byte	118
ARM GAS  C:\Users\mame\AppData\Local\Temp\ccBOAAaa.s 			page 18


 970 03b1 96       		.byte	-106
 971 03b2 88       		.byte	-120
 972 03b3 02       		.byte	2
 973 03b4 89       		.byte	-119
 974 03b5 14       		.byte	20
 975 03b6 90       		.byte	-112
 976 03b7 08       		.byte	8
 977 03b8 92       		.byte	-110
 978 03b9 20       		.byte	32
 979 03ba 94       		.byte	-108
 980 03bb A0       		.byte	-96
 981 03bc 95       		.byte	-107
 982 03bd 0A       		.byte	10
 983 03be 97       		.byte	-105
 984 03bf 10       		.byte	16
 985 03c0 98       		.byte	-104
 986 03c1 14       		.byte	20
 987 03c2 99       		.byte	-103
 988 03c3 20       		.byte	32
 989 03c4 9B       		.byte	-101
 990 03c5 40       		.byte	64
 991 03c6 9D       		.byte	-99
 992 03c7 11       		.byte	17
 993 03c8 9E       		.byte	-98
 994 03c9 96       		.byte	-106
 995 03ca A0       		.byte	-96
 996 03cb 40       		.byte	64
 997 03cc A4       		.byte	-92
 998 03cd 10       		.byte	16
 999 03ce A5       		.byte	-91
 1000 03cf 0C       		.byte	12
 1001 03d0 A6       		.byte	-90
 1002 03d1 83       		.byte	-125
 1003 03d2 A7       		.byte	-89
 1004 03d3 80       		.byte	-128
 1005 03d4 AE       		.byte	-82
 1006 03d5 02       		.byte	2
 1007 03d6 B0       		.byte	-80
 1008 03d7 10       		.byte	16
 1009 03d8 B3       		.byte	-77
 1010 03d9 08       		.byte	8
 1011 03da C0       		.byte	-64
 1012 03db 01       		.byte	1
 1013 03dc C2       		.byte	-62
 1014 03dd 09       		.byte	9
 1015 03de C4       		.byte	-60
 1016 03df 2C       		.byte	44
 1017 03e0 CA       		.byte	-54
 1018 03e1 BF       		.byte	-65
 1019 03e2 CC       		.byte	-52
 1020 03e3 BF       		.byte	-65
 1021 03e4 CE       		.byte	-50
 1022 03e5 AF       		.byte	-81
 1023 03e6 D6       		.byte	-42
 1024 03e7 0F       		.byte	15
 1025 03e8 D8       		.byte	-40
 1026 03e9 0D       		.byte	13
ARM GAS  C:\Users\mame\AppData\Local\Temp\ccBOAAaa.s 			page 19


 1027 03ea 00       		.byte	0
 1028 03eb 10       		.byte	16
 1029 03ec 02       		.byte	2
 1030 03ed 07       		.byte	7
 1031 03ee 03       		.byte	3
 1032 03ef 0F       		.byte	15
 1033 03f0 04       		.byte	4
 1034 03f1 01       		.byte	1
 1035 03f2 05       		.byte	5
 1036 03f3 70       		.byte	112
 1037 03f4 07       		.byte	7
 1038 03f5 01       		.byte	1
 1039 03f6 08       		.byte	8
 1040 03f7 01       		.byte	1
 1041 03f8 0B       		.byte	11
 1042 03f9 0F       		.byte	15
 1043 03fa 0C       		.byte	12
 1044 03fb 3A       		.byte	58
 1045 03fc 0D       		.byte	13
 1046 03fd 0F       		.byte	15
 1047 03fe 0E       		.byte	14
 1048 03ff 04       		.byte	4
 1049 0400 10       		.byte	16
 1050 0401 40       		.byte	64
 1051 0402 11       		.byte	17
 1052 0403 10       		.byte	16
 1053 0404 12       		.byte	18
 1054 0405 07       		.byte	7
 1055 0406 13       		.byte	19
 1056 0407 E0       		.byte	-32
 1057 0408 14       		.byte	20
 1058 0409 01       		.byte	1
 1059 040a 15       		.byte	21
 1060 040b 60       		.byte	96
 1061 040c 17       		.byte	23
 1062 040d 18       		.byte	24
 1063 040e 18       		.byte	24
 1064 040f 22       		.byte	34
 1065 0410 19       		.byte	25
 1066 0411 20       		.byte	32
 1067 0412 1A       		.byte	26
 1068 0413 05       		.byte	5
 1069 0414 1B       		.byte	27
 1070 0415 58       		.byte	88
 1071 0416 1C       		.byte	28
 1072 0417 7F       		.byte	127
 1073 0418 1D       		.byte	29
 1074 0419 30       		.byte	48
 1075 041a 1F       		.byte	31
 1076 041b 44       		.byte	68
 1077 041c 20       		.byte	32
 1078 041d 03       		.byte	3
 1079 041e 21       		.byte	33
 1080 041f 0F       		.byte	15
 1081 0420 24       		.byte	36
 1082 0421 03       		.byte	3
 1083 0422 28       		.byte	40
ARM GAS  C:\Users\mame\AppData\Local\Temp\ccBOAAaa.s 			page 20


 1084 0423 05       		.byte	5
 1085 0424 29       		.byte	41
 1086 0425 70       		.byte	112
 1087 0426 2A       		.byte	42
 1088 0427 78       		.byte	120
 1089 0428 2B       		.byte	43
 1090 0429 02       		.byte	2
 1091 042a 2C       		.byte	44
 1092 042b 08       		.byte	8
 1093 042c 2D       		.byte	45
 1094 042d 10       		.byte	16
 1095 042e 2E       		.byte	46
 1096 042f 07       		.byte	7
 1097 0430 2F       		.byte	47
 1098 0431 80       		.byte	-128
 1099 0432 31       		.byte	49
 1100 0433 F0       		.byte	-16
 1101 0434 34       		.byte	52
 1102 0435 7F       		.byte	127
 1103 0436 35       		.byte	53
 1104 0437 0F       		.byte	15
 1105 0438 3B       		.byte	59
 1106 0439 02       		.byte	2
 1107 043a 3E       		.byte	62
 1108 043b 10       		.byte	16
 1109 043c 3F       		.byte	63
 1110 043d 10       		.byte	16
 1111 043e 58       		.byte	88
 1112 043f 04       		.byte	4
 1113 0440 59       		.byte	89
 1114 0441 04       		.byte	4
 1115 0442 5F       		.byte	95
 1116 0443 01       		.byte	1
 1117 0444 82       		.byte	-126
 1118 0445 01       		.byte	1
 1119 0446 85       		.byte	-123
 1120 0447 32       		.byte	50
 1121 0448 86       		.byte	-122
 1122 0449 02       		.byte	2
 1123 044a 88       		.byte	-120
 1124 044b 04       		.byte	4
 1125 044c 89       		.byte	-119
 1126 044d 08       		.byte	8
 1127 044e 8B       		.byte	-117
 1128 044f 11       		.byte	17
 1129 0450 8D       		.byte	-115
 1130 0451 44       		.byte	68
 1131 0452 8E       		.byte	-114
 1132 0453 B5       		.byte	-75
 1133 0454 8F       		.byte	-113
 1134 0455 28       		.byte	40
 1135 0456 90       		.byte	-112
 1136 0457 4D       		.byte	77
 1137 0458 91       		.byte	-111
 1138 0459 78       		.byte	120
 1139 045a 92       		.byte	-110
 1140 045b 92       		.byte	-110
ARM GAS  C:\Users\mame\AppData\Local\Temp\ccBOAAaa.s 			page 21


 1141 045c 94       		.byte	-108
 1142 045d CC       		.byte	-52
 1143 045e 95       		.byte	-107
 1144 045f 0A       		.byte	10
 1145 0460 96       		.byte	-106
 1146 0461 13       		.byte	19
 1147 0462 97       		.byte	-105
 1148 0463 10       		.byte	16
 1149 0464 98       		.byte	-104
 1150 0465 A5       		.byte	-91
 1151 0466 99       		.byte	-103
 1152 0467 2A       		.byte	42
 1153 0468 9A       		.byte	-102
 1154 0469 4A       		.byte	74
 1155 046a 9B       		.byte	-101
 1156 046b 50       		.byte	80
 1157 046c 9C       		.byte	-100
 1158 046d FF       		.byte	-1
 1159 046e A0       		.byte	-96
 1160 046f 02       		.byte	2
 1161 0470 A1       		.byte	-95
 1162 0471 02       		.byte	2
 1163 0472 A3       		.byte	-93
 1164 0473 10       		.byte	16
 1165 0474 A4       		.byte	-92
 1166 0475 A9       		.byte	-87
 1167 0476 A5       		.byte	-91
 1168 0477 0A       		.byte	10
 1169 0478 A6       		.byte	-90
 1170 0479 54       		.byte	84
 1171 047a A7       		.byte	-89
 1172 047b 20       		.byte	32
 1173 047c A8       		.byte	-88
 1174 047d 1A       		.byte	26
 1175 047e AA       		.byte	-86
 1176 047f 60       		.byte	96
 1177 0480 AB       		.byte	-85
 1178 0481 80       		.byte	-128
 1179 0482 AE       		.byte	-82
 1180 0483 04       		.byte	4
 1181 0484 B1       		.byte	-79
 1182 0485 07       		.byte	7
 1183 0486 B2       		.byte	-78
 1184 0487 FF       		.byte	-1
 1185 0488 B3       		.byte	-77
 1186 0489 F8       		.byte	-8
 1187 048a B9       		.byte	-71
 1188 048b 02       		.byte	2
 1189 048c BE       		.byte	-66
 1190 048d 04       		.byte	4
 1191 048e BF       		.byte	-65
 1192 048f 01       		.byte	1
 1193 0490 D8       		.byte	-40
 1194 0491 04       		.byte	4
 1195 0492 D9       		.byte	-39
 1196 0493 04       		.byte	4
 1197 0494 DF       		.byte	-33
ARM GAS  C:\Users\mame\AppData\Local\Temp\ccBOAAaa.s 			page 22


 1198 0495 01       		.byte	1
 1199 0496 00       		.byte	0
 1200 0497 40       		.byte	64
 1201 0498 01       		.byte	1
 1202 0499 01       		.byte	1
 1203 049a 02       		.byte	2
 1204 049b 14       		.byte	20
 1205 049c 04       		.byte	4
 1206 049d 80       		.byte	-128
 1207 049e 06       		.byte	6
 1208 049f 94       		.byte	-108
 1209 04a0 08       		.byte	8
 1210 04a1 50       		.byte	80
 1211 04a2 09       		.byte	9
 1212 04a3 04       		.byte	4
 1213 04a4 0B       		.byte	11
 1214 04a5 40       		.byte	64
 1215 04a6 0C       		.byte	12
 1216 04a7 51       		.byte	81
 1217 04a8 0D       		.byte	13
 1218 04a9 08       		.byte	8
 1219 04aa 0E       		.byte	14
 1220 04ab 02       		.byte	2
 1221 04ac 10       		.byte	16
 1222 04ad 01       		.byte	1
 1223 04ae 12       		.byte	18
 1224 04af C0       		.byte	-64
 1225 04b0 13       		.byte	19
 1226 04b1 38       		.byte	56
 1227 04b2 16       		.byte	22
 1228 04b3 62       		.byte	98
 1229 04b4 17       		.byte	23
 1230 04b5 20       		.byte	32
 1231 04b6 18       		.byte	24
 1232 04b7 08       		.byte	8
 1233 04b8 1F       		.byte	31
 1234 04b9 04       		.byte	4
 1235 04ba 20       		.byte	32
 1236 04bb 80       		.byte	-128
 1237 04bc 22       		.byte	34
 1238 04bd 11       		.byte	17
 1239 04be 27       		.byte	39
 1240 04bf 50       		.byte	80
 1241 04c0 28       		.byte	40
 1242 04c1 02       		.byte	2
 1243 04c2 29       		.byte	41
 1244 04c3 11       		.byte	17
 1245 04c4 2A       		.byte	42
 1246 04c5 20       		.byte	32
 1247 04c6 2F       		.byte	47
 1248 04c7 94       		.byte	-108
 1249 04c8 30       		.byte	48
 1250 04c9 14       		.byte	20
 1251 04ca 31       		.byte	49
 1252 04cb 08       		.byte	8
 1253 04cc 32       		.byte	50
 1254 04cd 01       		.byte	1
ARM GAS  C:\Users\mame\AppData\Local\Temp\ccBOAAaa.s 			page 23


 1255 04ce 33       		.byte	51
 1256 04cf 94       		.byte	-108
 1257 04d0 34       		.byte	52
 1258 04d1 02       		.byte	2
 1259 04d2 36       		.byte	54
 1260 04d3 01       		.byte	1
 1261 04d4 37       		.byte	55
 1262 04d5 14       		.byte	20
 1263 04d6 38       		.byte	56
 1264 04d7 A0       		.byte	-96
 1265 04d8 39       		.byte	57
 1266 04d9 0A       		.byte	10
 1267 04da 3B       		.byte	59
 1268 04db 44       		.byte	68
 1269 04dc 3C       		.byte	60
 1270 04dd 20       		.byte	32
 1271 04de 3F       		.byte	63
 1272 04df 44       		.byte	68
 1273 04e0 49       		.byte	73
 1274 04e1 10       		.byte	16
 1275 04e2 4B       		.byte	75
 1276 04e3 20       		.byte	32
 1277 04e4 59       		.byte	89
 1278 04e5 20       		.byte	32
 1279 04e6 5B       		.byte	91
 1280 04e7 10       		.byte	16
 1281 04e8 78       		.byte	120
 1282 04e9 01       		.byte	1
 1283 04ea 7B       		.byte	123
 1284 04eb 80       		.byte	-128
 1285 04ec 88       		.byte	-120
 1286 04ed 04       		.byte	4
 1287 04ee 89       		.byte	-119
 1288 04ef 01       		.byte	1
 1289 04f0 8C       		.byte	-116
 1290 04f1 40       		.byte	64
 1291 04f2 8D       		.byte	-115
 1292 04f3 10       		.byte	16
 1293 04f4 C0       		.byte	-64
 1294 04f5 FF       		.byte	-1
 1295 04f6 C2       		.byte	-62
 1296 04f7 FF       		.byte	-1
 1297 04f8 C4       		.byte	-60
 1298 04f9 FF       		.byte	-1
 1299 04fa CA       		.byte	-54
 1300 04fb ED       		.byte	-19
 1301 04fc CC       		.byte	-52
 1302 04fd EF       		.byte	-17
 1303 04fe CE       		.byte	-50
 1304 04ff 7F       		.byte	127
 1305 0500 B2       		.byte	-78
 1306 0501 40       		.byte	64
 1307 0502 B3       		.byte	-77
 1308 0503 10       		.byte	16
 1309 0504 30       		.byte	48
 1310 0505 20       		.byte	32
 1311 0506 CC       		.byte	-52
ARM GAS  C:\Users\mame\AppData\Local\Temp\ccBOAAaa.s 			page 24


 1312 0507 10       		.byte	16
 1313 0508 AC       		.byte	-84
 1314 0509 20       		.byte	32
 1315 050a EA       		.byte	-22
 1316 050b 40       		.byte	64
 1317 050c 00       		.byte	0
 1318 050d 80       		.byte	-128
 1319 050e 04       		.byte	4
 1320 050f 80       		.byte	-128
 1321 0510 56       		.byte	86
 1322 0511 10       		.byte	16
 1323 0512 5F       		.byte	95
 1324 0513 40       		.byte	64
 1325 0514 8A       		.byte	-118
 1326 0515 10       		.byte	16
 1327 0516 C0       		.byte	-64
 1328 0517 03       		.byte	3
 1329 0518 D4       		.byte	-44
 1330 0519 02       		.byte	2
 1331 051a D6       		.byte	-42
 1332 051b 04       		.byte	4
 1333 051c E4       		.byte	-28
 1334 051d 04       		.byte	4
 1335 051e AF       		.byte	-81
 1336 051f 40       		.byte	64
 1337 0520 B0       		.byte	-80
 1338 0521 40       		.byte	64
 1339 0522 B4       		.byte	-76
 1340 0523 40       		.byte	64
 1341 0524 EE       		.byte	-18
 1342 0525 0C       		.byte	12
 1343 0526 00       		.byte	0
 1344 0527 01       		.byte	1
 1345 0528 01       		.byte	1
 1346 0529 01       		.byte	1
 1347 052a 0C       		.byte	12
 1348 052b 01       		.byte	1
 1349 052c 0D       		.byte	13
 1350 052d 01       		.byte	1
 1351 052e 0E       		.byte	14
 1352 052f 01       		.byte	1
 1353 0530 00       		.byte	0
 1354 0531 03       		.byte	3
 1355 0532 00       		.byte	0
 1356 0533 00       		.byte	0
 1357 0534 00       		.byte	0
 1358 0535 08       		.byte	8
 1359 0536 08       		.byte	8
 1360 0537 00       		.byte	0
 1361 0538 00       		.byte	0
 1362 0539 00       		.byte	0
 1363 053a 00       		.byte	0
 1364 053b 00       		.byte	0
 1365 053c 00       		.byte	0
 1366 053d 0B       		.byte	11
 1367 053e 0B       		.byte	11
 1368 053f 00       		.byte	0
ARM GAS  C:\Users\mame\AppData\Local\Temp\ccBOAAaa.s 			page 25


 1369 0540 00       		.byte	0
 1370 0541 00       		.byte	0
 1371 0542 00       		.byte	0
 1372 0543 00       		.byte	0
 1373 0544 0D       		.byte	13
 1374 0545 00       		.byte	0
 1375 0546 00       		.byte	0
 1376 0547 01       		.byte	1
 1377 0548 0D       		.byte	13
 1378 0549 00       		.byte	0
 1379 054a 0C       		.byte	12
 1380 054b 00       		.byte	0
 1381 054c 00       		.byte	0
 1382 054d 00       		.byte	0
 1383 054e 00       		.byte	0
 1384 054f 00       		.byte	0
 1385              		.global	cy_meta_custnvl
 1386              		.section	.cycustnvl,"a",%progbits
 1387              		.align	2
 1388              		.type	cy_meta_custnvl, %object
 1389              		.size	cy_meta_custnvl, 4
 1390              	cy_meta_custnvl:
 1391 0000 00       		.byte	0
 1392 0001 00       		.byte	0
 1393 0002 40       		.byte	64
 1394 0003 05       		.byte	5
 1395              		.global	cy_meta_wonvl
 1396              		.section	.cywolatch,"a",%progbits
 1397              		.align	2
 1398              		.type	cy_meta_wonvl, %object
 1399              		.size	cy_meta_wonvl, 4
 1400              	cy_meta_wonvl:
 1401 0000 BC       		.byte	-68
 1402 0001 90       		.byte	-112
 1403 0002 AC       		.byte	-84
 1404 0003 AF       		.byte	-81
 1405              		.global	cy_meta_flashprotect
 1406              		.section	.cyflashprotect,"a",%progbits
 1407              		.align	2
 1408              		.type	cy_meta_flashprotect, %object
 1409              		.size	cy_meta_flashprotect, 256
 1410              	cy_meta_flashprotect:
 1411 0000 00000000 		.space	256
 1411      00000000 
 1411      00000000 
 1411      00000000 
 1411      00000000 
 1412              		.global	cy_metadata
 1413              		.section	.cymeta,"a",%progbits
 1414              		.align	2
 1415              		.type	cy_metadata, %object
 1416              		.size	cy_metadata, 12
 1417              	cy_metadata:
 1418 0000 00       		.byte	0
 1419 0001 01       		.byte	1
 1420 0002 2E       		.byte	46
 1421 0003 16       		.byte	22
ARM GAS  C:\Users\mame\AppData\Local\Temp\ccBOAAaa.s 			page 26


 1422 0004 10       		.byte	16
 1423 0005 69       		.byte	105
 1424 0006 00       		.byte	0
 1425 0007 01       		.byte	1
 1426 0008 00       		.byte	0
 1427 0009 00       		.byte	0
 1428 000a 00       		.byte	0
 1429 000b 00       		.byte	0
 1430              		.text
 1431              	.Letext0:
 1432              		.file 1 "c:\\program files\\cypress\\psoc creator\\4.1\\psoc creator\\import\\gnu\\arm\\5.4.1\\arm
 1433              		.file 2 "c:\\program files\\cypress\\psoc creator\\4.1\\psoc creator\\import\\gnu\\arm\\5.4.1\\arm
 1434              		.file 3 "Generated_Source\\PSoC5\\cymetadata.c"
 1435              		.section	.debug_info,"",%progbits
 1436              	.Ldebug_info0:
 1437 0000 32010000 		.4byte	0x132
 1438 0004 0400     		.2byte	0x4
 1439 0006 00000000 		.4byte	.Ldebug_abbrev0
 1440 000a 04       		.byte	0x4
 1441 000b 01       		.uleb128 0x1
 1442 000c 0A000000 		.4byte	.LASF17
 1443 0010 0C       		.byte	0xc
 1444 0011 B6010000 		.4byte	.LASF18
 1445 0015 72010000 		.4byte	.LASF19
 1446 0019 00000000 		.4byte	.Ldebug_line0
 1447 001d 02       		.uleb128 0x2
 1448 001e 01       		.byte	0x1
 1449 001f 06       		.byte	0x6
 1450 0020 AA010000 		.4byte	.LASF0
 1451 0024 03       		.uleb128 0x3
 1452 0025 00000000 		.4byte	.LASF9
 1453 0029 01       		.byte	0x1
 1454 002a 1D       		.byte	0x1d
 1455 002b 2F000000 		.4byte	0x2f
 1456 002f 02       		.uleb128 0x2
 1457 0030 01       		.byte	0x1
 1458 0031 08       		.byte	0x8
 1459 0032 A4000000 		.4byte	.LASF1
 1460 0036 02       		.uleb128 0x2
 1461 0037 02       		.byte	0x2
 1462 0038 05       		.byte	0x5
 1463 0039 5F010000 		.4byte	.LASF2
 1464 003d 02       		.uleb128 0x2
 1465 003e 02       		.byte	0x2
 1466 003f 07       		.byte	0x7
 1467 0040 C4000000 		.4byte	.LASF3
 1468 0044 02       		.uleb128 0x2
 1469 0045 04       		.byte	0x4
 1470 0046 05       		.byte	0x5
 1471 0047 69010000 		.4byte	.LASF4
 1472 004b 02       		.uleb128 0x2
 1473 004c 04       		.byte	0x4
 1474 004d 07       		.byte	0x7
 1475 004e B2000000 		.4byte	.LASF5
 1476 0052 02       		.uleb128 0x2
 1477 0053 08       		.byte	0x8
 1478 0054 05       		.byte	0x5
ARM GAS  C:\Users\mame\AppData\Local\Temp\ccBOAAaa.s 			page 27


 1479 0055 51010000 		.4byte	.LASF6
 1480 0059 02       		.uleb128 0x2
 1481 005a 08       		.byte	0x8
 1482 005b 07       		.byte	0x7
 1483 005c 06010000 		.4byte	.LASF7
 1484 0060 04       		.uleb128 0x4
 1485 0061 04       		.byte	0x4
 1486 0062 05       		.byte	0x5
 1487 0063 696E7400 		.ascii	"int\000"
 1488 0067 02       		.uleb128 0x2
 1489 0068 04       		.byte	0x4
 1490 0069 07       		.byte	0x7
 1491 006a F9000000 		.4byte	.LASF8
 1492 006e 03       		.uleb128 0x3
 1493 006f 1D010000 		.4byte	.LASF10
 1494 0073 02       		.byte	0x2
 1495 0074 18       		.byte	0x18
 1496 0075 24000000 		.4byte	0x24
 1497 0079 05       		.uleb128 0x5
 1498 007a 91000000 		.4byte	0x91
 1499 007e 8A000000 		.4byte	0x8a
 1500 0082 06       		.uleb128 0x6
 1501 0083 8A000000 		.4byte	0x8a
 1502 0087 4F05     		.2byte	0x54f
 1503 0089 00       		.byte	0
 1504 008a 02       		.uleb128 0x2
 1505 008b 04       		.byte	0x4
 1506 008c 07       		.byte	0x7
 1507 008d 48010000 		.4byte	.LASF11
 1508 0091 07       		.uleb128 0x7
 1509 0092 6E000000 		.4byte	0x6e
 1510 0096 08       		.uleb128 0x8
 1511 0097 E7000000 		.4byte	.LASF12
 1512 009b 03       		.byte	0x3
 1513 009c 1F       		.byte	0x1f
 1514 009d A7000000 		.4byte	0xa7
 1515 00a1 05       		.uleb128 0x5
 1516 00a2 03       		.byte	0x3
 1517 00a3 00000000 		.4byte	cy_meta_configecc
 1518 00a7 07       		.uleb128 0x7
 1519 00a8 79000000 		.4byte	0x79
 1520 00ac 05       		.uleb128 0x5
 1521 00ad 91000000 		.4byte	0x91
 1522 00b1 BC000000 		.4byte	0xbc
 1523 00b5 09       		.uleb128 0x9
 1524 00b6 8A000000 		.4byte	0x8a
 1525 00ba 03       		.byte	0x3
 1526 00bb 00       		.byte	0
 1527 00bc 08       		.uleb128 0x8
 1528 00bd D7000000 		.4byte	.LASF13
 1529 00c1 03       		.byte	0x3
 1530 00c2 D6       		.byte	0xd6
 1531 00c3 CD000000 		.4byte	0xcd
 1532 00c7 05       		.uleb128 0x5
 1533 00c8 03       		.byte	0x3
 1534 00c9 00000000 		.4byte	cy_meta_custnvl
 1535 00cd 07       		.uleb128 0x7
ARM GAS  C:\Users\mame\AppData\Local\Temp\ccBOAAaa.s 			page 28


 1536 00ce AC000000 		.4byte	0xac
 1537 00d2 08       		.uleb128 0x8
 1538 00d3 3A010000 		.4byte	.LASF14
 1539 00d7 03       		.byte	0x3
 1540 00d8 E4       		.byte	0xe4
 1541 00d9 E3000000 		.4byte	0xe3
 1542 00dd 05       		.uleb128 0x5
 1543 00de 03       		.byte	0x3
 1544 00df 00000000 		.4byte	cy_meta_wonvl
 1545 00e3 07       		.uleb128 0x7
 1546 00e4 AC000000 		.4byte	0xac
 1547 00e8 05       		.uleb128 0x5
 1548 00e9 91000000 		.4byte	0x91
 1549 00ed F8000000 		.4byte	0xf8
 1550 00f1 09       		.uleb128 0x9
 1551 00f2 8A000000 		.4byte	0x8a
 1552 00f6 FF       		.byte	0xff
 1553 00f7 00       		.byte	0
 1554 00f8 08       		.uleb128 0x8
 1555 00f9 25010000 		.4byte	.LASF15
 1556 00fd 03       		.byte	0x3
 1557 00fe F2       		.byte	0xf2
 1558 00ff 09010000 		.4byte	0x109
 1559 0103 05       		.uleb128 0x5
 1560 0104 03       		.byte	0x3
 1561 0105 00000000 		.4byte	cy_meta_flashprotect
 1562 0109 07       		.uleb128 0x7
 1563 010a E8000000 		.4byte	0xe8
 1564 010e 05       		.uleb128 0x5
 1565 010f 91000000 		.4byte	0x91
 1566 0113 1E010000 		.4byte	0x11e
 1567 0117 09       		.uleb128 0x9
 1568 0118 8A000000 		.4byte	0x8a
 1569 011c 0B       		.byte	0xb
 1570 011d 00       		.byte	0
 1571 011e 0A       		.uleb128 0xa
 1572 011f 98000000 		.4byte	.LASF16
 1573 0123 03       		.byte	0x3
 1574 0124 1F01     		.2byte	0x11f
 1575 0126 30010000 		.4byte	0x130
 1576 012a 05       		.uleb128 0x5
 1577 012b 03       		.byte	0x3
 1578 012c 00000000 		.4byte	cy_metadata
 1579 0130 07       		.uleb128 0x7
 1580 0131 0E010000 		.4byte	0x10e
 1581 0135 00       		.byte	0
 1582              		.section	.debug_abbrev,"",%progbits
 1583              	.Ldebug_abbrev0:
 1584 0000 01       		.uleb128 0x1
 1585 0001 11       		.uleb128 0x11
 1586 0002 01       		.byte	0x1
 1587 0003 25       		.uleb128 0x25
 1588 0004 0E       		.uleb128 0xe
 1589 0005 13       		.uleb128 0x13
 1590 0006 0B       		.uleb128 0xb
 1591 0007 03       		.uleb128 0x3
 1592 0008 0E       		.uleb128 0xe
ARM GAS  C:\Users\mame\AppData\Local\Temp\ccBOAAaa.s 			page 29


 1593 0009 1B       		.uleb128 0x1b
 1594 000a 0E       		.uleb128 0xe
 1595 000b 10       		.uleb128 0x10
 1596 000c 17       		.uleb128 0x17
 1597 000d 00       		.byte	0
 1598 000e 00       		.byte	0
 1599 000f 02       		.uleb128 0x2
 1600 0010 24       		.uleb128 0x24
 1601 0011 00       		.byte	0
 1602 0012 0B       		.uleb128 0xb
 1603 0013 0B       		.uleb128 0xb
 1604 0014 3E       		.uleb128 0x3e
 1605 0015 0B       		.uleb128 0xb
 1606 0016 03       		.uleb128 0x3
 1607 0017 0E       		.uleb128 0xe
 1608 0018 00       		.byte	0
 1609 0019 00       		.byte	0
 1610 001a 03       		.uleb128 0x3
 1611 001b 16       		.uleb128 0x16
 1612 001c 00       		.byte	0
 1613 001d 03       		.uleb128 0x3
 1614 001e 0E       		.uleb128 0xe
 1615 001f 3A       		.uleb128 0x3a
 1616 0020 0B       		.uleb128 0xb
 1617 0021 3B       		.uleb128 0x3b
 1618 0022 0B       		.uleb128 0xb
 1619 0023 49       		.uleb128 0x49
 1620 0024 13       		.uleb128 0x13
 1621 0025 00       		.byte	0
 1622 0026 00       		.byte	0
 1623 0027 04       		.uleb128 0x4
 1624 0028 24       		.uleb128 0x24
 1625 0029 00       		.byte	0
 1626 002a 0B       		.uleb128 0xb
 1627 002b 0B       		.uleb128 0xb
 1628 002c 3E       		.uleb128 0x3e
 1629 002d 0B       		.uleb128 0xb
 1630 002e 03       		.uleb128 0x3
 1631 002f 08       		.uleb128 0x8
 1632 0030 00       		.byte	0
 1633 0031 00       		.byte	0
 1634 0032 05       		.uleb128 0x5
 1635 0033 01       		.uleb128 0x1
 1636 0034 01       		.byte	0x1
 1637 0035 49       		.uleb128 0x49
 1638 0036 13       		.uleb128 0x13
 1639 0037 01       		.uleb128 0x1
 1640 0038 13       		.uleb128 0x13
 1641 0039 00       		.byte	0
 1642 003a 00       		.byte	0
 1643 003b 06       		.uleb128 0x6
 1644 003c 21       		.uleb128 0x21
 1645 003d 00       		.byte	0
 1646 003e 49       		.uleb128 0x49
 1647 003f 13       		.uleb128 0x13
 1648 0040 2F       		.uleb128 0x2f
 1649 0041 05       		.uleb128 0x5
ARM GAS  C:\Users\mame\AppData\Local\Temp\ccBOAAaa.s 			page 30


 1650 0042 00       		.byte	0
 1651 0043 00       		.byte	0
 1652 0044 07       		.uleb128 0x7
 1653 0045 26       		.uleb128 0x26
 1654 0046 00       		.byte	0
 1655 0047 49       		.uleb128 0x49
 1656 0048 13       		.uleb128 0x13
 1657 0049 00       		.byte	0
 1658 004a 00       		.byte	0
 1659 004b 08       		.uleb128 0x8
 1660 004c 34       		.uleb128 0x34
 1661 004d 00       		.byte	0
 1662 004e 03       		.uleb128 0x3
 1663 004f 0E       		.uleb128 0xe
 1664 0050 3A       		.uleb128 0x3a
 1665 0051 0B       		.uleb128 0xb
 1666 0052 3B       		.uleb128 0x3b
 1667 0053 0B       		.uleb128 0xb
 1668 0054 49       		.uleb128 0x49
 1669 0055 13       		.uleb128 0x13
 1670 0056 3F       		.uleb128 0x3f
 1671 0057 19       		.uleb128 0x19
 1672 0058 02       		.uleb128 0x2
 1673 0059 18       		.uleb128 0x18
 1674 005a 00       		.byte	0
 1675 005b 00       		.byte	0
 1676 005c 09       		.uleb128 0x9
 1677 005d 21       		.uleb128 0x21
 1678 005e 00       		.byte	0
 1679 005f 49       		.uleb128 0x49
 1680 0060 13       		.uleb128 0x13
 1681 0061 2F       		.uleb128 0x2f
 1682 0062 0B       		.uleb128 0xb
 1683 0063 00       		.byte	0
 1684 0064 00       		.byte	0
 1685 0065 0A       		.uleb128 0xa
 1686 0066 34       		.uleb128 0x34
 1687 0067 00       		.byte	0
 1688 0068 03       		.uleb128 0x3
 1689 0069 0E       		.uleb128 0xe
 1690 006a 3A       		.uleb128 0x3a
 1691 006b 0B       		.uleb128 0xb
 1692 006c 3B       		.uleb128 0x3b
 1693 006d 05       		.uleb128 0x5
 1694 006e 49       		.uleb128 0x49
 1695 006f 13       		.uleb128 0x13
 1696 0070 3F       		.uleb128 0x3f
 1697 0071 19       		.uleb128 0x19
 1698 0072 02       		.uleb128 0x2
 1699 0073 18       		.uleb128 0x18
 1700 0074 00       		.byte	0
 1701 0075 00       		.byte	0
 1702 0076 00       		.byte	0
 1703              		.section	.debug_aranges,"",%progbits
 1704 0000 14000000 		.4byte	0x14
 1705 0004 0200     		.2byte	0x2
 1706 0006 00000000 		.4byte	.Ldebug_info0
ARM GAS  C:\Users\mame\AppData\Local\Temp\ccBOAAaa.s 			page 31


 1707 000a 04       		.byte	0x4
 1708 000b 00       		.byte	0
 1709 000c 0000     		.2byte	0
 1710 000e 0000     		.2byte	0
 1711 0010 00000000 		.4byte	0
 1712 0014 00000000 		.4byte	0
 1713              		.section	.debug_line,"",%progbits
 1714              	.Ldebug_line0:
 1715 0000 31010000 		.section	.debug_str,"MS",%progbits,1
 1715      02002B01 
 1715      00000201 
 1715      FB0E0D00 
 1715      01010101 
 1716              	.LASF9:
 1717 0000 5F5F7569 		.ascii	"__uint8_t\000"
 1717      6E74385F 
 1717      7400
 1718              	.LASF17:
 1719 000a 474E5520 		.ascii	"GNU C11 5.4.1 20160609 (release) [ARM/embedded-5-br"
 1719      43313120 
 1719      352E342E 
 1719      31203230 
 1719      31363036 
 1720 003d 616E6368 		.ascii	"anch revision 237715] -mcpu=cortex-m3 -mthumb -g -O"
 1720      20726576 
 1720      6973696F 
 1720      6E203233 
 1720      37373135 
 1721 0070 30202D66 		.ascii	"0 -ffunction-sections -ffat-lto-objects\000"
 1721      66756E63 
 1721      74696F6E 
 1721      2D736563 
 1721      74696F6E 
 1722              	.LASF16:
 1723 0098 63795F6D 		.ascii	"cy_metadata\000"
 1723      65746164 
 1723      61746100 
 1724              	.LASF1:
 1725 00a4 756E7369 		.ascii	"unsigned char\000"
 1725      676E6564 
 1725      20636861 
 1725      7200
 1726              	.LASF5:
 1727 00b2 6C6F6E67 		.ascii	"long unsigned int\000"
 1727      20756E73 
 1727      69676E65 
 1727      6420696E 
 1727      7400
 1728              	.LASF3:
 1729 00c4 73686F72 		.ascii	"short unsigned int\000"
 1729      7420756E 
 1729      7369676E 
 1729      65642069 
 1729      6E7400
 1730              	.LASF13:
 1731 00d7 63795F6D 		.ascii	"cy_meta_custnvl\000"
 1731      6574615F 
ARM GAS  C:\Users\mame\AppData\Local\Temp\ccBOAAaa.s 			page 32


 1731      63757374 
 1731      6E766C00 
 1732              	.LASF12:
 1733 00e7 63795F6D 		.ascii	"cy_meta_configecc\000"
 1733      6574615F 
 1733      636F6E66 
 1733      69676563 
 1733      6300
 1734              	.LASF8:
 1735 00f9 756E7369 		.ascii	"unsigned int\000"
 1735      676E6564 
 1735      20696E74 
 1735      00
 1736              	.LASF7:
 1737 0106 6C6F6E67 		.ascii	"long long unsigned int\000"
 1737      206C6F6E 
 1737      6720756E 
 1737      7369676E 
 1737      65642069 
 1738              	.LASF10:
 1739 011d 75696E74 		.ascii	"uint8_t\000"
 1739      385F7400 
 1740              	.LASF15:
 1741 0125 63795F6D 		.ascii	"cy_meta_flashprotect\000"
 1741      6574615F 
 1741      666C6173 
 1741      6870726F 
 1741      74656374 
 1742              	.LASF14:
 1743 013a 63795F6D 		.ascii	"cy_meta_wonvl\000"
 1743      6574615F 
 1743      776F6E76 
 1743      6C00
 1744              	.LASF11:
 1745 0148 73697A65 		.ascii	"sizetype\000"
 1745      74797065 
 1745      00
 1746              	.LASF6:
 1747 0151 6C6F6E67 		.ascii	"long long int\000"
 1747      206C6F6E 
 1747      6720696E 
 1747      7400
 1748              	.LASF2:
 1749 015f 73686F72 		.ascii	"short int\000"
 1749      7420696E 
 1749      7400
 1750              	.LASF4:
 1751 0169 6C6F6E67 		.ascii	"long int\000"
 1751      20696E74 
 1751      00
 1752              	.LASF19:
 1753 0172 433A5C55 		.ascii	"C:\\Users\\mame\\Documents\\psoc\\BME280\\BME280\\B"
 1753      73657273 
 1753      5C6D616D 
 1753      655C446F 
 1753      63756D65 
 1754 019e 4D453238 		.ascii	"ME280.cydsn\000"
ARM GAS  C:\Users\mame\AppData\Local\Temp\ccBOAAaa.s 			page 33


 1754      302E6379 
 1754      64736E00 
 1755              	.LASF0:
 1756 01aa 7369676E 		.ascii	"signed char\000"
 1756      65642063 
 1756      68617200 
 1757              	.LASF18:
 1758 01b6 47656E65 		.ascii	"Generated_Source\\PSoC5\\cymetadata.c\000"
 1758      72617465 
 1758      645F536F 
 1758      75726365 
 1758      5C50536F 
 1759              		.ident	"GCC: (GNU Tools for ARM Embedded Processors) 5.4.1 20160609 (release) [ARM/embedded-5-bran
